 Command:
    sortmerna --ref rfam-5s-database-id98.fasta --ref silva-arc-16s-id95.fasta --ref silva-arc-23s-id98.fasta --ref silva-bac-16s-id90.fasta --ref silva-bac-23s-id98.fasta --ref silva-euk-18s-id95.fasta --ref silva-euk-28s-id98.fasta --reads /media/edurandau/DATA/Eric_Durandau/Sanglard/Labbook/Workbench/Bioinformatics/ANAPURRNA-seq/SampleDataSet/386_1_2h_L6_R1_001_Ly3HIoKeB61l_short1.fastq.gz --num_alignments 1 --workdir . --threads 1 --fastx --aligned With_rRNA_386_1_2h_L6_R1_001_Ly3HIoKeB61l_short3 

 Process pid = 

 Parameters summary: 
    Reference file: rfam-5s-database-id98.fasta
        Seed length = 18
        Pass 1 = 18, Pass 2 = 9, Pass 3 = 3
        Gumbel lambda = 0.616694
        Gumbel K = 0.342032
        Minimal SW score based on E-value = 34
    Reference file: silva-arc-16s-id95.fasta
        Seed length = 18
        Pass 1 = 18, Pass 2 = 9, Pass 3 = 3
        Gumbel lambda = 0.596286
        Gumbel K = 0.322254
        Minimal SW score based on E-value = 35
    Reference file: silva-arc-23s-id98.fasta
        Seed length = 18
        Pass 1 = 18, Pass 2 = 9, Pass 3 = 3
        Gumbel lambda = 0.597507
        Gumbel K = 0.331576
        Minimal SW score based on E-value = 32
    Reference file: silva-bac-16s-id90.fasta
        Seed length = 18
        Pass 1 = 18, Pass 2 = 9, Pass 3 = 3
        Gumbel lambda = 0.602725
        Gumbel K = 0.329559
        Minimal SW score based on E-value = 37
    Reference file: silva-bac-23s-id98.fasta
        Seed length = 18
        Pass 1 = 18, Pass 2 = 9, Pass 3 = 3
        Gumbel lambda = 0.602436
        Gumbel K = 0.335011
        Minimal SW score based on E-value = 36
    Reference file: silva-euk-18s-id95.fasta
        Seed length = 18
        Pass 1 = 18, Pass 2 = 9, Pass 3 = 3
        Gumbel lambda = 0.612551
        Gumbel K = 0.33981
        Minimal SW score based on E-value = 36
    Reference file: silva-euk-28s-id98.fasta
        Seed length = 18
        Pass 1 = 18, Pass 2 = 9, Pass 3 = 3
        Gumbel lambda = 0.612082
        Gumbel K = 0.345772
        Minimal SW score based on E-value = 36
    Number of seeds = 2
    Edges = 4
    SW match = 2
    SW mismatch = -3
    SW gap open penalty = 5
    SW gap extend penalty = 2
    SW ambiguous nucleotide = -3
    SQ tags are not output
    Number of alignment processing threads = 1
    Reads file: /media/edurandau/DATA/Eric_Durandau/Sanglard/Labbook/Workbench/Bioinformatics/ANAPURRNA-seq/SampleDataSet/386_1_2h_L6_R1_001_Ly3HIoKeB61l_short1.fastq.gz
    Total reads = 9

 Results:
    Total reads passing E-value threshold = 1 (11.11)
    Total reads failing E-value threshold = 8 (88.89)
    Minimum read length = 126
    Maximum read length = 126
    Mean read length    = 126

 Coverage by database:
    rfam-5s-database-id98.fasta		0.00
    silva-arc-16s-id95.fasta		0.00
    silva-arc-23s-id98.fasta		0.00
    silva-bac-16s-id90.fasta		0.00
    silva-bac-23s-id98.fasta		0.00
    silva-euk-18s-id95.fasta		11.11
    silva-euk-28s-id98.fasta		0.00

 Thu May 27 12:32:59 2021

